<?xml version="1.0" encoding="UTF-8"?>
<!-- Generated by org.testng.reporters.JUnitReportReporter -->
<testsuite hostname="ek-mm-034.local" failures="0" tests="1" name="com.udemy.LoginTest" time="5.238" errors="0" timestamp="2020-05-18T19:39:34 EEST" skipped="0">
  <testcase classname="com.udemy.LoginTest" name="loginWithValidCredentials" time="5.238"/>
  <system-out/>
</testsuite> <!-- com.udemy.LoginTest -->
