<?xml version="1.0" encoding="UTF-8"?>
<!-- Generated by org.testng.reporters.JUnitReportReporter -->
<testsuite hostname="ek-mm-034.local" failures="0" tests="1" name="com.udemy.RegistrationTest" time="27.623" errors="0" timestamp="2020-05-16T11:55:16 EEST" skipped="0">
  <testcase classname="com.udemy.RegistrationTest" name="registrationWithValidCredentials" time="27.623"/>
  <system-out/>
</testsuite> <!-- com.udemy.RegistrationTest -->
